<?xml version="1.0" encoding="utf-8"?><testsuites name="pytest tests"><testsuite name="pytest" errors="0" failures="1" skipped="0" tests="23" time="13.298" timestamp="2026-04-20T17:28:33.535747+00:00" hostname="agent-env-26862357-85aa-4fa1-896a-dee33d0e6516"><testcase classname="backend.tests.backend_test.TestAuth" name="test_login_admin" time="0.486" /><testcase classname="backend.tests.backend_test.TestAuth" name="test_login_engineer" time="0.356" /><testcase classname="backend.tests.backend_test.TestAuth" name="test_login_invalid" time="0.370" /><testcase classname="backend.tests.backend_test.TestAuth" name="test_register_new" time="0.359"><failure message="AssertionError: Internal Server Error&#10;assert 500 == 200&#10; +  where 500 = &lt;Response [500]&gt;.status_code">backend/tests/backend_test.py:69: in test_register_new
    assert r.status_code == 200, r.text
E   AssertionError: Internal Server Error
E   assert 500 == 200
E    +  where 500 = &lt;Response [500]&gt;.status_code</failure></testcase><testcase classname="backend.tests.backend_test.TestAuth" name="test_register_dup" time="0.117" /><testcase classname="backend.tests.backend_test.TestAuth" name="test_me" time="0.476" /><testcase classname="backend.tests.backend_test.TestAuth" name="test_me_no_token" time="0.152" /><testcase classname="backend.tests.backend_test.TestMachines" name="test_machines_requires_auth" time="0.235" /><testcase classname="backend.tests.backend_test.TestMachines" name="test_machines_list" time="0.137" /><testcase classname="backend.tests.backend_test.TestMachines" name="test_get_data" time="0.124" /><testcase classname="backend.tests.backend_test.TestMachines" name="test_get_data_unknown" time="0.117" /><testcase classname="backend.tests.backend_test.TestMachines" name="test_send_data_persists" time="1.297" /><testcase classname="backend.tests.backend_test.TestMachines" name="test_history" time="0.106" /><testcase classname="backend.tests.backend_test.TestMachines" name="test_alerts" time="0.114" /><testcase classname="backend.tests.backend_test.TestAI" name="test_ai_insights" time="7.032" /><testcase classname="backend.tests.backend_test.TestThresholds" name="test_get" time="0.142" /><testcase classname="backend.tests.backend_test.TestThresholds" name="test_engineer_cannot_put" time="0.490" /><testcase classname="backend.tests.backend_test.TestThresholds" name="test_admin_can_put_and_persist" time="0.313" /><testcase classname="backend.tests.backend_test.TestAdmin" name="test_users_admin" time="0.146" /><testcase classname="backend.tests.backend_test.TestAdmin" name="test_users_engineer_403" time="0.144" /><testcase classname="backend.tests.backend_test.TestAdmin" name="test_logs_admin" time="0.115" /><testcase classname="backend.tests.backend_test.TestAdmin" name="test_logs_engineer_403" time="0.123" /><testcase classname="backend.tests.backend_test.TestPDF" name="test_pdf" time="0.128" /></testsuite></testsuites>